# JRE version: OpenJDK Runtime Environment (8.0_152-b01) (build 1.8.0_152-release-1248-b01)
# Java VM: OpenJDK 64-Bit Server VM (25.152-b01 mixed mode windows-amd64 compressed oops)
Heap:
 PSYoungGen      total 286720K, used 186349K [0x00000000e0000000, 0x00000000f3980000, 0x0000000100000000)
  eden space 260608K, 71% used [0x00000000e0000000,0x00000000eb5fb6f0,0x00000000efe80000)
  from space 26112K, 0% used [0x00000000f2000000,0x00000000f2000000,0x00000000f3980000)
  to   space 30208K, 0% used [0x00000000efe80000,0x00000000efe80000,0x00000000f1c00000)
 ParOldGen       total 150528K, used 50703K [0x00000000a0000000, 0x00000000a9300000, 0x00000000e0000000)
  object space 150528K, 33% used [0x00000000a0000000,0x00000000a3183ca8,0x00000000a9300000)
 Metaspace       used 70682K, capacity 73158K, committed 73728K, reserved 1114112K
  class space    used 9296K, capacity 9824K, committed 9984K, reserved 1048576K
GC Heap History (10 events):
Event: 17.075 GC heap before
{Heap before GC invocations=21 (full 3):
 PSYoungGen      total 227328K, used 222272K [0x00000000e0000000, 0x00000000f3e00000, 0x0000000100000000)
  eden space 199168K, 99% used [0x00000000e0000000,0x00000000ec273f78,0x00000000ec280000)
  from space 28160K, 82% used [0x00000000ec280000,0x00000000ed91c3c8,0x00000000ede00000)
  to   space 30720K, 0% used [0x00000000f2000000,0x00000000f2000000,0x00000000f3e00000)
 ParOldGen       total 147968K, used 62505K [0x00000000a0000000, 0x00000000a9080000, 0x00000000e0000000)
  object space 147968K, 42% used [0x00000000a0000000,0x00000000a3d0a670,0x00000000a9080000)
 Metaspace       used 69260K, capacity 71786K, committed 71936K, reserved 1112064K
  class space    used 9207K, capacity 9724K, committed 9728K, reserved 1048576K
Event: 17.113 GC heap after
Heap after GC invocations=21 (full 3):
 PSYoungGen      total 286720K, used 7106K [0x00000000e0000000, 0x00000000f3980000, 0x0000000100000000)
  eden space 260608K, 0% used [0x00000000e0000000,0x00000000e0000000,0x00000000efe80000)
  from space 26112K, 27% used [0x00000000f2000000,0x00000000f26f0ab0,0x00000000f3980000)
  to   space 30208K, 0% used [0x00000000efe80000,0x00000000efe80000,0x00000000f1c00000)
 ParOldGen       total 147968K, used 73672K [0x00000000a0000000, 0x00000000a9080000, 0x00000000e0000000)
  object space 147968K, 49% used [0x00000000a0000000,0x00000000a47f20f8,0x00000000a9080000)
 Metaspace       used 69260K, capacity 71786K, committed 71936K, reserved 1112064K
  class space    used 9207K, capacity 9724K, committed 9728K, reserved 1048576K
}
Event: 19.958 GC heap before
{Heap before GC invocations=22 (full 3):
 PSYoungGen      total 286720K, used 267714K [0x00000000e0000000, 0x00000000f3980000, 0x0000000100000000)
  eden space 260608K, 100% used [0x00000000e0000000,0x00000000efe80000,0x00000000efe80000)
  from space 26112K, 27% used [0x00000000f2000000,0x00000000f26f0ab0,0x00000000f3980000)
  to   space 30208K, 0% used [0x00000000efe80000,0x00000000efe80000,0x00000000f1c00000)
 ParOldGen       total 147968K, used 73672K [0x00000000a0000000, 0x00000000a9080000, 0x00000000e0000000)
  object space 147968K, 49% used [0x00000000a0000000,0x00000000a47f20f8,0x00000000a9080000)
 Metaspace       used 70012K, capacity 72678K, committed 72832K, reserved 1112064K
  class space    used 9275K, capacity 9834K, committed 9856K, reserved 1048576K
Event: 19.976 GC heap after
Heap after GC invocations=22 (full 3):
 PSYoungGen      total 290816K, used 29746K [0x00000000e0000000, 0x00000000f3980000, 0x0000000100000000)
  eden space 260608K, 0% used [0x00000000e0000000,0x00000000e0000000,0x00000000efe80000)
  from space 30208K, 98% used [0x00000000efe80000,0x00000000f1b8caa0,0x00000000f1c00000)
  to   space 26112K, 0% used [0x00000000f2000000,0x00000000f2000000,0x00000000f3980000)
 ParOldGen       total 147968K, used 75132K [0x00000000a0000000, 0x00000000a9080000, 0x00000000e0000000)
  object space 147968K, 50% used [0x00000000a0000000,0x00000000a495f350,0x00000000a9080000)
 Metaspace       used 70012K, capacity 72678K, committed 72832K, reserved 1112064K
  class space    used 9275K, capacity 9834K, committed 9856K, reserved 1048576K
}
Event: 21.679 GC heap before
{Heap before GC invocations=23 (full 3):
 PSYoungGen      total 290816K, used 290354K [0x00000000e0000000, 0x00000000f3980000, 0x0000000100000000)
  eden space 260608K, 100% used [0x00000000e0000000,0x00000000efe80000,0x00000000efe80000)
  from space 30208K, 98% used [0x00000000efe80000,0x00000000f1b8caa0,0x00000000f1c00000)
  to   space 26112K, 0% used [0x00000000f2000000,0x00000000f2000000,0x00000000f3980000)
 ParOldGen       total 147968K, used 75132K [0x00000000a0000000, 0x00000000a9080000, 0x00000000e0000000)
  object space 147968K, 50% used [0x00000000a0000000,0x00000000a495f350,0x00000000a9080000)
 Metaspace       used 70665K, capacity 73338K, committed 73472K, reserved 1112064K
  class space    used 9345K, capacity 9884K, committed 9984K, reserved 1048576K
Event: 21.817 GC heap after
Heap after GC invocations=23 (full 3):
 PSYoungGen      total 286720K, used 26080K [0x00000000e0000000, 0x00000000f3980000, 0x0000000100000000)
  eden space 260608K, 0% used [0x00000000e0000000,0x00000000e0000000,0x00000000efe80000)
  from space 26112K, 99% used [0x00000000f2000000,0x00000000f39780d0,0x00000000f3980000)
  to   space 30208K, 0% used [0x00000000efe80000,0x00000000efe80000,0x00000000f1c00000)
 ParOldGen       total 150528K, used 150110K [0x00000000a0000000, 0x00000000a9300000, 0x00000000e0000000)
  object space 150528K, 99% used [0x00000000a0000000,0x00000000a9297900,0x00000000a9300000)
 Metaspace       used 70665K, capacity 73338K, committed 73472K, reserved 1112064K
  class space    used 9345K, capacity 9884K, committed 9984K, reserved 1048576K
}
Event: 21.817 GC heap before
{Heap before GC invocations=24 (full 4):
 PSYoungGen      total 286720K, used 26080K [0x00000000e0000000, 0x00000000f3980000, 0x0000000100000000)
  eden space 260608K, 0% used [0x00000000e0000000,0x00000000e0000000,0x00000000efe80000)
  from space 26112K, 99% used [0x00000000f2000000,0x00000000f39780d0,0x00000000f3980000)
  to   space 30208K, 0% used [0x00000000efe80000,0x00000000efe80000,0x00000000f1c00000)
 ParOldGen       total 150528K, used 150110K [0x00000000a0000000, 0x00000000a9300000, 0x00000000e0000000)
  object space 150528K, 99% used [0x00000000a0000000,0x00000000a9297900,0x00000000a9300000)
 Metaspace       used 70665K, capacity 73338K, committed 73472K, reserved 1112064K
  class space    used 9345K, capacity 9884K, committed 9984K, reserved 1048576K
Event: 22.642 GC heap after
Heap after GC invocations=24 (full 4):
 PSYoungGen      total 286720K, used 0K [0x00000000e0000000, 0x00000000f3980000, 0x0000000100000000)
  eden space 260608K, 0% used [0x00000000e0000000,0x00000000e0000000,0x00000000efe80000)
  from space 26112K, 0% used [0x00000000f2000000,0x00000000f2000000,0x00000000f3980000)
  to   space 30208K, 0% used [0x00000000efe80000,0x00000000efe80000,0x00000000f1c00000)
 ParOldGen       total 150528K, used 144753K [0x00000000a0000000, 0x00000000a9300000, 0x00000000e0000000)
  object space 150528K, 96% used [0x00000000a0000000,0x00000000a8d5c6b8,0x00000000a9300000)
 Metaspace       used 70497K, capacity 72888K, committed 73472K, reserved 1112064K
  class space    used 9286K, capacity 9783K, committed 9984K, reserved 1048576K
}
Event: 24.643 GC heap before
{Heap before GC invocations=25 (full 5):
 PSYoungGen      total 286720K, used 260608K [0x00000000e0000000, 0x00000000f3980000, 0x0000000100000000)
  eden space 260608K, 100% used [0x00000000e0000000,0x00000000efe80000,0x00000000efe80000)
  from space 26112K, 0% used [0x00000000f2000000,0x00000000f2000000,0x00000000f3980000)
  to   space 30208K, 0% used [0x00000000efe80000,0x00000000efe80000,0x00000000f1c00000)
 ParOldGen       total 150528K, used 144753K [0x00000000a0000000, 0x00000000a9300000, 0x00000000e0000000)
  object space 150528K, 96% used [0x00000000a0000000,0x00000000a8d5c6b8,0x00000000a9300000)
 Metaspace       used 70661K, capacity 73140K, committed 73728K, reserved 1114112K
  class space    used 9293K, capacity 9821K, committed 9984K, reserved 1048576K
Event: 24.756 GC heap after
Heap after GC invocations=25 (full 5):
 PSYoungGen      total 286720K, used 0K [0x00000000e0000000, 0x00000000f3980000, 0x0000000100000000)
  eden space 260608K, 0% used [0x00000000e0000000,0x00000000e0000000,0x00000000efe80000)
  from space 26112K, 0% used [0x00000000f2000000,0x00000000f2000000,0x00000000f3980000)
  to   space 30208K, 0% used [0x00000000efe80000,0x00000000efe80000,0x00000000f1c00000)
 ParOldGen       total 150528K, used 50703K [0x00000000a0000000, 0x00000000a9300000, 0x00000000e0000000)
  object space 150528K, 33% used [0x00000000a0000000,0x00000000a3183ca8,0x00000000a9300000)
 Metaspace       used 70661K, capacity 73140K, committed 73728K, reserved 1114112K
  class space    used 9293K, capacity 9821K, committed 9984K, reserved 1048576K
}

