# JRE version: OpenJDK Runtime Environment (8.0_152-b01) (build 1.8.0_152-release-1248-b01)
# Java VM: OpenJDK 64-Bit Server VM (25.152-b01 mixed mode windows-amd64 compressed oops)
Heap:
 PSYoungGen      total 282112K, used 65679K [0x00000000e0000000, 0x00000000f3b00000, 0x0000000100000000)
  eden space 260608K, 25% used [0x00000000e0000000,0x00000000e4023fd0,0x00000000efe80000)
  from space 21504K, 0% used [0x00000000f1580000,0x00000000f1580000,0x00000000f2a80000)
  to   space 23552K, 0% used [0x00000000efe80000,0x00000000efe80000,0x00000000f1580000)
 ParOldGen       total 109568K, used 31453K [0x00000000a0000000, 0x00000000a6b00000, 0x00000000e0000000)
  object space 109568K, 28% used [0x00000000a0000000,0x00000000a1eb7420,0x00000000a6b00000)
 Metaspace       used 58659K, capacity 60244K, committed 60416K, reserved 1101824K
  class space    used 7994K, capacity 8379K, committed 8448K, reserved 1048576K
GC Heap History (10 events):
Event: 6.360 GC heap before
{Heap before GC invocations=7 (full 1):
 PSYoungGen      total 138240K, used 39574K [0x00000000e0000000, 0x00000000edc80000, 0x0000000100000000)
  eden space 133120K, 25% used [0x00000000e0000000,0x00000000e21a9a30,0x00000000e8200000)
  from space 5120K, 99% used [0x00000000e8200000,0x00000000e86fc010,0x00000000e8700000)
  to   space 14848K, 0% used [0x00000000ece00000,0x00000000ece00000,0x00000000edc80000)
 ParOldGen       total 67584K, used 16786K [0x00000000a0000000, 0x00000000a4200000, 0x00000000e0000000)
  object space 67584K, 24% used [0x00000000a0000000,0x00000000a10648f8,0x00000000a4200000)
 Metaspace       used 34608K, capacity 35262K, committed 35416K, reserved 1079296K
  class space    used 4820K, capacity 5065K, committed 5120K, reserved 1048576K
Event: 6.374 GC heap after
Heap after GC invocations=7 (full 1):
 PSYoungGen      total 211456K, used 9452K [0x00000000e0000000, 0x00000000ede80000, 0x0000000100000000)
  eden space 196608K, 0% used [0x00000000e0000000,0x00000000e0000000,0x00000000ec000000)
  from space 14848K, 63% used [0x00000000ece00000,0x00000000ed73b320,0x00000000edc80000)
  to   space 14336K, 0% used [0x00000000ec000000,0x00000000ec000000,0x00000000ece00000)
 ParOldGen       total 67584K, used 16794K [0x00000000a0000000, 0x00000000a4200000, 0x00000000e0000000)
  object space 67584K, 24% used [0x00000000a0000000,0x00000000a10668f8,0x00000000a4200000)
 Metaspace       used 34608K, capacity 35262K, committed 35416K, reserved 1079296K
  class space    used 4820K, capacity 5065K, committed 5120K, reserved 1048576K
}
Event: 6.374 GC heap before
{Heap before GC invocations=8 (full 2):
 PSYoungGen      total 211456K, used 9452K [0x00000000e0000000, 0x00000000ede80000, 0x0000000100000000)
  eden space 196608K, 0% used [0x00000000e0000000,0x00000000e0000000,0x00000000ec000000)
  from space 14848K, 63% used [0x00000000ece00000,0x00000000ed73b320,0x00000000edc80000)
  to   space 14336K, 0% used [0x00000000ec000000,0x00000000ec000000,0x00000000ece00000)
 ParOldGen       total 67584K, used 16794K [0x00000000a0000000, 0x00000000a4200000, 0x00000000e0000000)
  object space 67584K, 24% used [0x00000000a0000000,0x00000000a10668f8,0x00000000a4200000)
 Metaspace       used 34608K, capacity 35262K, committed 35416K, reserved 1079296K
  class space    used 4820K, capacity 5065K, committed 5120K, reserved 1048576K
Event: 6.490 GC heap after
Heap after GC invocations=8 (full 2):
 PSYoungGen      total 211456K, used 0K [0x00000000e0000000, 0x00000000ede80000, 0x0000000100000000)
  eden space 196608K, 0% used [0x00000000e0000000,0x00000000e0000000,0x00000000ec000000)
  from space 14848K, 0% used [0x00000000ece00000,0x00000000ece00000,0x00000000edc80000)
  to   space 14336K, 0% used [0x00000000ec000000,0x00000000ec000000,0x00000000ece00000)
 ParOldGen       total 109568K, used 16232K [0x00000000a0000000, 0x00000000a6b00000, 0x00000000e0000000)
  object space 109568K, 14% used [0x00000000a0000000,0x00000000a0fda2a8,0x00000000a6b00000)
 Metaspace       used 34608K, capacity 35262K, committed 35416K, reserved 1079296K
  class space    used 4820K, capacity 5065K, committed 5120K, reserved 1048576K
}
Event: 9.259 GC heap before
{Heap before GC invocations=9 (full 2):
 PSYoungGen      total 211456K, used 196608K [0x00000000e0000000, 0x00000000ede80000, 0x0000000100000000)
  eden space 196608K, 100% used [0x00000000e0000000,0x00000000ec000000,0x00000000ec000000)
  from space 14848K, 0% used [0x00000000ece00000,0x00000000ece00000,0x00000000edc80000)
  to   space 14336K, 0% used [0x00000000ec000000,0x00000000ec000000,0x00000000ece00000)
 ParOldGen       total 109568K, used 16232K [0x00000000a0000000, 0x00000000a6b00000, 0x00000000e0000000)
  object space 109568K, 14% used [0x00000000a0000000,0x00000000a0fda2a8,0x00000000a6b00000)
 Metaspace       used 52740K, capacity 53878K, committed 54144K, reserved 1095680K
  class space    used 7125K, capacity 7498K, committed 7552K, reserved 1048576K
Event: 9.292 GC heap after
Heap after GC invocations=9 (full 2):
 PSYoungGen      total 210944K, used 14326K [0x00000000e0000000, 0x00000000f2a80000, 0x0000000100000000)
  eden space 196608K, 0% used [0x00000000e0000000,0x00000000e0000000,0x00000000ec000000)
  from space 14336K, 99% used [0x00000000ec000000,0x00000000ecdfda98,0x00000000ece00000)
  to   space 21504K, 0% used [0x00000000f1580000,0x00000000f1580000,0x00000000f2a80000)
 ParOldGen       total 109568K, used 26444K [0x00000000a0000000, 0x00000000a6b00000, 0x00000000e0000000)
  object space 109568K, 24% used [0x00000000a0000000,0x00000000a19d3198,0x00000000a6b00000)
 Metaspace       used 52740K, capacity 53878K, committed 54144K, reserved 1095680K
  class space    used 7125K, capacity 7498K, committed 7552K, reserved 1048576K
}
Event: 10.230 GC heap before
{Heap before GC invocations=10 (full 2):
 PSYoungGen      total 210944K, used 74214K [0x00000000e0000000, 0x00000000f2a80000, 0x0000000100000000)
  eden space 196608K, 30% used [0x00000000e0000000,0x00000000e3a7bf78,0x00000000ec000000)
  from space 14336K, 99% used [0x00000000ec000000,0x00000000ecdfda98,0x00000000ece00000)
  to   space 21504K, 0% used [0x00000000f1580000,0x00000000f1580000,0x00000000f2a80000)
 ParOldGen       total 109568K, used 26444K [0x00000000a0000000, 0x00000000a6b00000, 0x00000000e0000000)
  object space 109568K, 24% used [0x00000000a0000000,0x00000000a19d3198,0x00000000a6b00000)
 Metaspace       used 57374K, capacity 58948K, committed 59008K, reserved 1099776K
  class space    used 7868K, capacity 8301K, committed 8320K, reserved 1048576K
Event: 10.260 GC heap after
Heap after GC invocations=10 (full 2):
 PSYoungGen      total 282112K, used 18067K [0x00000000e0000000, 0x00000000f3b00000, 0x0000000100000000)
  eden space 260608K, 0% used [0x00000000e0000000,0x00000000e0000000,0x00000000efe80000)
  from space 21504K, 84% used [0x00000000f1580000,0x00000000f2724c98,0x00000000f2a80000)
  to   space 23552K, 0% used [0x00000000efe80000,0x00000000efe80000,0x00000000f1580000)
 ParOldGen       total 109568K, used 26452K [0x00000000a0000000, 0x00000000a6b00000, 0x00000000e0000000)
  object space 109568K, 24% used [0x00000000a0000000,0x00000000a19d5198,0x00000000a6b00000)
 Metaspace       used 57374K, capacity 58948K, committed 59008K, reserved 1099776K
  class space    used 7868K, capacity 8301K, committed 8320K, reserved 1048576K
}
Event: 10.260 GC heap before
{Heap before GC invocations=11 (full 3):
 PSYoungGen      total 282112K, used 18067K [0x00000000e0000000, 0x00000000f3b00000, 0x0000000100000000)
  eden space 260608K, 0% used [0x00000000e0000000,0x00000000e0000000,0x00000000efe80000)
  from space 21504K, 84% used [0x00000000f1580000,0x00000000f2724c98,0x00000000f2a80000)
  to   space 23552K, 0% used [0x00000000efe80000,0x00000000efe80000,0x00000000f1580000)
 ParOldGen       total 109568K, used 26452K [0x00000000a0000000, 0x00000000a6b00000, 0x00000000e0000000)
  object space 109568K, 24% used [0x00000000a0000000,0x00000000a19d5198,0x00000000a6b00000)
 Metaspace       used 57374K, capacity 58948K, committed 59008K, reserved 1099776K
  class space    used 7868K, capacity 8301K, committed 8320K, reserved 1048576K
Event: 10.507 GC heap after
Heap after GC invocations=11 (full 3):
 PSYoungGen      total 282112K, used 0K [0x00000000e0000000, 0x00000000f3b00000, 0x0000000100000000)
  eden space 260608K, 0% used [0x00000000e0000000,0x00000000e0000000,0x00000000efe80000)
  from space 21504K, 0% used [0x00000000f1580000,0x00000000f1580000,0x00000000f2a80000)
  to   space 23552K, 0% used [0x00000000efe80000,0x00000000efe80000,0x00000000f1580000)
 ParOldGen       total 109568K, used 31453K [0x00000000a0000000, 0x00000000a6b00000, 0x00000000e0000000)
  object space 109568K, 28% used [0x00000000a0000000,0x00000000a1eb7420,0x00000000a6b00000)
 Metaspace       used 57374K, capacity 58948K, committed 59008K, reserved 1099776K
  class space    used 7868K, capacity 8301K, committed 8320K, reserved 1048576K
}

