# JRE version: OpenJDK Runtime Environment (8.0_152-b01) (build 1.8.0_152-release-1248-b01)
# Java VM: OpenJDK 64-Bit Server VM (25.152-b01 mixed mode windows-amd64 compressed oops)
Heap:
 PSYoungGen      total 348160K, used 46107K [0x00000000e0000000, 0x00000000f7f80000, 0x0000000100000000)
  eden space 311808K, 14% used [0x00000000e0000000,0x00000000e2d06e20,0x00000000f3080000)
  from space 36352K, 0% used [0x00000000f5c00000,0x00000000f5c00000,0x00000000f7f80000)
  to   space 40448K, 0% used [0x00000000f3080000,0x00000000f3080000,0x00000000f5800000)
 ParOldGen       total 137216K, used 54176K [0x00000000a0000000, 0x00000000a8600000, 0x00000000e0000000)
  object space 137216K, 39% used [0x00000000a0000000,0x00000000a34e8298,0x00000000a8600000)
 Metaspace       used 84513K, capacity 87250K, committed 88192K, reserved 1126400K
  class space    used 10829K, capacity 11449K, committed 11648K, reserved 1048576K
GC Heap History (10 events):
Event: 1916.547 GC heap before
{Heap before GC invocations=22 (full 3):
 PSYoungGen      total 209920K, used 205267K [0x00000000e0000000, 0x00000000ef680000, 0x0000000100000000)
  eden space 186880K, 99% used [0x00000000e0000000,0x00000000eb58aa18,0x00000000eb680000)
  from space 23040K, 84% used [0x00000000ece80000,0x00000000ee16a508,0x00000000ee500000)
  to   space 24576K, 0% used [0x00000000eb680000,0x00000000eb680000,0x00000000ece80000)
 ParOldGen       total 137216K, used 33624K [0x00000000a0000000, 0x00000000a8600000, 0x00000000e0000000)
  object space 137216K, 24% used [0x00000000a0000000,0x00000000a20d61e0,0x00000000a8600000)
 Metaspace       used 76042K, capacity 78324K, committed 78592K, reserved 1118208K
  class space    used 9831K, capacity 10425K, committed 10496K, reserved 1048576K
Event: 1916.578 GC heap after
Heap after GC invocations=22 (full 3):
 PSYoungGen      total 211456K, used 18051K [0x00000000e0000000, 0x00000000f2300000, 0x0000000100000000)
  eden space 186880K, 0% used [0x00000000e0000000,0x00000000e0000000,0x00000000eb680000)
  from space 24576K, 73% used [0x00000000eb680000,0x00000000ec820ce0,0x00000000ece80000)
  to   space 25600K, 0% used [0x00000000f0a00000,0x00000000f0a00000,0x00000000f2300000)
 ParOldGen       total 137216K, used 33632K [0x00000000a0000000, 0x00000000a8600000, 0x00000000e0000000)
  object space 137216K, 24% used [0x00000000a0000000,0x00000000a20d81e0,0x00000000a8600000)
 Metaspace       used 76042K, capacity 78324K, committed 78592K, reserved 1118208K
  class space    used 9831K, capacity 10425K, committed 10496K, reserved 1048576K
}
Event: 1920.234 GC heap before
{Heap before GC invocations=23 (full 3):
 PSYoungGen      total 211456K, used 204931K [0x00000000e0000000, 0x00000000f2300000, 0x0000000100000000)
  eden space 186880K, 100% used [0x00000000e0000000,0x00000000eb680000,0x00000000eb680000)
  from space 24576K, 73% used [0x00000000eb680000,0x00000000ec820ce0,0x00000000ece80000)
  to   space 25600K, 0% used [0x00000000f0a00000,0x00000000f0a00000,0x00000000f2300000)
 ParOldGen       total 137216K, used 33633K [0x00000000a0000000, 0x00000000a8600000, 0x00000000e0000000)
  object space 137216K, 24% used [0x00000000a0000000,0x00000000a20d8750,0x00000000a8600000)
 Metaspace       used 77710K, capacity 80296K, committed 80512K, reserved 1120256K
  class space    used 10003K, capacity 10620K, committed 10624K, reserved 1048576K
Event: 1920.309 GC heap after
Heap after GC invocations=23 (full 3):
 PSYoungGen      total 269312K, used 23554K [0x00000000e0000000, 0x00000000f2600000, 0x0000000100000000)
  eden space 243712K, 0% used [0x00000000e0000000,0x00000000e0000000,0x00000000eee00000)
  from space 25600K, 92% used [0x00000000f0a00000,0x00000000f2100b18,0x00000000f2300000)
  to   space 28672K, 0% used [0x00000000eee00000,0x00000000eee00000,0x00000000f0a00000)
 ParOldGen       total 137216K, used 40449K [0x00000000a0000000, 0x00000000a8600000, 0x00000000e0000000)
  object space 137216K, 29% used [0x00000000a0000000,0x00000000a27805a8,0x00000000a8600000)
 Metaspace       used 77710K, capacity 80296K, committed 80512K, reserved 1120256K
  class space    used 10003K, capacity 10620K, committed 10624K, reserved 1048576K
}
Event: 1922.106 GC heap before
{Heap before GC invocations=24 (full 3):
 PSYoungGen      total 269312K, used 267266K [0x00000000e0000000, 0x00000000f2600000, 0x0000000100000000)
  eden space 243712K, 100% used [0x00000000e0000000,0x00000000eee00000,0x00000000eee00000)
  from space 25600K, 92% used [0x00000000f0a00000,0x00000000f2100b18,0x00000000f2300000)
  to   space 28672K, 0% used [0x00000000eee00000,0x00000000eee00000,0x00000000f0a00000)
 ParOldGen       total 137216K, used 40452K [0x00000000a0000000, 0x00000000a8600000, 0x00000000e0000000)
  object space 137216K, 29% used [0x00000000a0000000,0x00000000a2781020,0x00000000a8600000)
 Metaspace       used 80359K, capacity 83074K, committed 83200K, reserved 1122304K
  class space    used 10322K, capacity 10941K, committed 11008K, reserved 1048576K
Event: 1922.184 GC heap after
Heap after GC invocations=24 (full 3):
 PSYoungGen      total 272384K, used 28649K [0x00000000e0000000, 0x00000000f8500000, 0x0000000100000000)
  eden space 243712K, 0% used [0x00000000e0000000,0x00000000e0000000,0x00000000eee00000)
  from space 28672K, 99% used [0x00000000eee00000,0x00000000f09fa6c0,0x00000000f0a00000)
  to   space 41984K, 0% used [0x00000000f5c00000,0x00000000f5c00000,0x00000000f8500000)
 ParOldGen       total 137216K, used 65951K [0x00000000a0000000, 0x00000000a8600000, 0x00000000e0000000)
  object space 137216K, 48% used [0x00000000a0000000,0x00000000a4067f28,0x00000000a8600000)
 Metaspace       used 80359K, capacity 83074K, committed 83200K, reserved 1122304K
  class space    used 10322K, capacity 10941K, committed 11008K, reserved 1048576K
}
Event: 1922.715 GC heap before
{Heap before GC invocations=25 (full 3):
 PSYoungGen      total 272384K, used 52406K [0x00000000e0000000, 0x00000000f8500000, 0x0000000100000000)
  eden space 243712K, 9% used [0x00000000e0000000,0x00000000e1733218,0x00000000eee00000)
  from space 28672K, 99% used [0x00000000eee00000,0x00000000f09fa6c0,0x00000000f0a00000)
  to   space 41984K, 0% used [0x00000000f5c00000,0x00000000f5c00000,0x00000000f8500000)
 ParOldGen       total 137216K, used 65951K [0x00000000a0000000, 0x00000000a8600000, 0x00000000e0000000)
  object space 137216K, 48% used [0x00000000a0000000,0x00000000a4067f28,0x00000000a8600000)
 Metaspace       used 84114K, capacity 87030K, committed 87040K, reserved 1128448K
  class space    used 10854K, capacity 11517K, committed 11520K, reserved 1048576K
Event: 1922.742 GC heap after
Heap after GC invocations=25 (full 3):
 PSYoungGen      total 348160K, used 19537K [0x00000000e0000000, 0x00000000f7f80000, 0x0000000100000000)
  eden space 311808K, 0% used [0x00000000e0000000,0x00000000e0000000,0x00000000f3080000)
  from space 36352K, 53% used [0x00000000f5c00000,0x00000000f6f14538,0x00000000f7f80000)
  to   space 40448K, 0% used [0x00000000f3080000,0x00000000f3080000,0x00000000f5800000)
 ParOldGen       total 137216K, used 66071K [0x00000000a0000000, 0x00000000a8600000, 0x00000000e0000000)
  object space 137216K, 48% used [0x00000000a0000000,0x00000000a4085f28,0x00000000a8600000)
 Metaspace       used 84114K, capacity 87030K, committed 87040K, reserved 1128448K
  class space    used 10854K, capacity 11517K, committed 11520K, reserved 1048576K
}
Event: 1922.742 GC heap before
{Heap before GC invocations=26 (full 4):
 PSYoungGen      total 348160K, used 19537K [0x00000000e0000000, 0x00000000f7f80000, 0x0000000100000000)
  eden space 311808K, 0% used [0x00000000e0000000,0x00000000e0000000,0x00000000f3080000)
  from space 36352K, 53% used [0x00000000f5c00000,0x00000000f6f14538,0x00000000f7f80000)
  to   space 40448K, 0% used [0x00000000f3080000,0x00000000f3080000,0x00000000f5800000)
 ParOldGen       total 137216K, used 66071K [0x00000000a0000000, 0x00000000a8600000, 0x00000000e0000000)
  object space 137216K, 48% used [0x00000000a0000000,0x00000000a4085f28,0x00000000a8600000)
 Metaspace       used 84114K, capacity 87030K, committed 87040K, reserved 1128448K
  class space    used 10854K, capacity 11517K, committed 11520K, reserved 1048576K
Event: 1923.118 GC heap after
Heap after GC invocations=26 (full 4):
 PSYoungGen      total 348160K, used 0K [0x00000000e0000000, 0x00000000f7f80000, 0x0000000100000000)
  eden space 311808K, 0% used [0x00000000e0000000,0x00000000e0000000,0x00000000f3080000)
  from space 36352K, 0% used [0x00000000f5c00000,0x00000000f5c00000,0x00000000f7f80000)
  to   space 40448K, 0% used [0x00000000f3080000,0x00000000f3080000,0x00000000f5800000)
 ParOldGen       total 137216K, used 54176K [0x00000000a0000000, 0x00000000a8600000, 0x00000000e0000000)
  object space 137216K, 39% used [0x00000000a0000000,0x00000000a34e8298,0x00000000a8600000)
 Metaspace       used 83242K, capacity 85534K, committed 87040K, reserved 1126400K
  class space    used 10707K, capacity 11253K, committed 11520K, reserved 1048576K
}

