# JRE version: OpenJDK Runtime Environment (8.0_152-b01) (build 1.8.0_152-release-1248-b01)
# Java VM: OpenJDK 64-Bit Server VM (25.152-b01 mixed mode windows-amd64 compressed oops)
Heap:
 PSYoungGen      total 488960K, used 91075K [0x00000000e0000000, 0x0000000100000000, 0x0000000100000000)
  eden space 453632K, 14% used [0x00000000e0000000,0x00000000e415a340,0x00000000fbb00000)
  from space 35328K, 68% used [0x00000000fdd80000,0x00000000ff516b08,0x0000000100000000)
  to   space 35328K, 0% used [0x00000000fbb00000,0x00000000fbb00000,0x00000000fdd80000)
 ParOldGen       total 208896K, used 53799K [0x00000000a0000000, 0x00000000acc00000, 0x00000000e0000000)
  object space 208896K, 25% used [0x00000000a0000000,0x00000000a3489dd0,0x00000000acc00000)
 Metaspace       used 96568K, capacity 102546K, committed 102952K, reserved 1138688K
  class space    used 11977K, capacity 12939K, committed 13096K, reserved 1048576K
GC Heap History (10 events):
Event: 14551.144 GC heap before
{Heap before GC invocations=54 (full 4):
 PSYoungGen      total 487424K, used 470960K [0x00000000e0000000, 0x00000000fff80000, 0x0000000100000000)
  eden space 455168K, 100% used [0x00000000e0000000,0x00000000fbc80000,0x00000000fbc80000)
  from space 32256K, 48% used [0x00000000fbc80000,0x00000000fcbec1b8,0x00000000fdc00000)
  to   space 31232K, 0% used [0x00000000fe100000,0x00000000fe100000,0x00000000fff80000)
 ParOldGen       total 208896K, used 53767K [0x00000000a0000000, 0x00000000acc00000, 0x00000000e0000000)
  object space 208896K, 25% used [0x00000000a0000000,0x00000000a3481dd0,0x00000000acc00000)
 Metaspace       used 95822K, capacity 101184K, committed 101416K, reserved 1138688K
  class space    used 11894K, capacity 12797K, committed 12840K, reserved 1048576K
Event: 14551.176 GC heap after
Heap after GC invocations=54 (full 4):
 PSYoungGen      total 491520K, used 20592K [0x00000000e0000000, 0x00000000fff00000, 0x0000000100000000)
  eden space 460800K, 0% used [0x00000000e0000000,0x00000000e0000000,0x00000000fc200000)
  from space 30720K, 67% used [0x00000000fe100000,0x00000000ff51c2c0,0x00000000fff00000)
  to   space 31232K, 0% used [0x00000000fc200000,0x00000000fc200000,0x00000000fe080000)
 ParOldGen       total 208896K, used 53775K [0x00000000a0000000, 0x00000000acc00000, 0x00000000e0000000)
  object space 208896K, 25% used [0x00000000a0000000,0x00000000a3483dd0,0x00000000acc00000)
 Metaspace       used 95822K, capacity 101184K, committed 101416K, reserved 1138688K
  class space    used 11894K, capacity 12797K, committed 12840K, reserved 1048576K
}
Event: 14604.119 GC heap before
{Heap before GC invocations=55 (full 4):
 PSYoungGen      total 491520K, used 481257K [0x00000000e0000000, 0x00000000fff00000, 0x0000000100000000)
  eden space 460800K, 99% used [0x00000000e0000000,0x00000000fc1de370,0x00000000fc200000)
  from space 30720K, 67% used [0x00000000fe100000,0x00000000ff51c2c0,0x00000000fff00000)
  to   space 31232K, 0% used [0x00000000fc200000,0x00000000fc200000,0x00000000fe080000)
 ParOldGen       total 208896K, used 53775K [0x00000000a0000000, 0x00000000acc00000, 0x00000000e0000000)
  object space 208896K, 25% used [0x00000000a0000000,0x00000000a3483dd0,0x00000000acc00000)
 Metaspace       used 96105K, capacity 101762K, committed 102056K, reserved 1138688K
  class space    used 11940K, capacity 12882K, committed 12968K, reserved 1048576K
Event: 14604.178 GC heap after
Heap after GC invocations=55 (full 4):
 PSYoungGen      total 490496K, used 29268K [0x00000000e0000000, 0x0000000100000000, 0x0000000100000000)
  eden space 460800K, 0% used [0x00000000e0000000,0x00000000e0000000,0x00000000fc200000)
  from space 29696K, 98% used [0x00000000fc200000,0x00000000fde953a0,0x00000000fdf00000)
  to   space 33792K, 0% used [0x00000000fdf00000,0x00000000fdf00000,0x0000000100000000)
 ParOldGen       total 208896K, used 53783K [0x00000000a0000000, 0x00000000acc00000, 0x00000000e0000000)
  object space 208896K, 25% used [0x00000000a0000000,0x00000000a3485dd0,0x00000000acc00000)
 Metaspace       used 96105K, capacity 101762K, committed 102056K, reserved 1138688K
  class space    used 11940K, capacity 12882K, committed 12968K, reserved 1048576K
}
Event: 15291.292 GC heap before
{Heap before GC invocations=56 (full 4):
 PSYoungGen      total 490496K, used 490068K [0x00000000e0000000, 0x0000000100000000, 0x0000000100000000)
  eden space 460800K, 100% used [0x00000000e0000000,0x00000000fc200000,0x00000000fc200000)
  from space 29696K, 98% used [0x00000000fc200000,0x00000000fde953a0,0x00000000fdf00000)
  to   space 33792K, 0% used [0x00000000fdf00000,0x00000000fdf00000,0x0000000100000000)
 ParOldGen       total 208896K, used 53783K [0x00000000a0000000, 0x00000000acc00000, 0x00000000e0000000)
  object space 208896K, 25% used [0x00000000a0000000,0x00000000a3485dd0,0x00000000acc00000)
 Metaspace       used 96305K, capacity 102134K, committed 102440K, reserved 1138688K
  class space    used 11969K, capacity 12933K, committed 13096K, reserved 1048576K
Event: 15291.345 GC heap after
Heap after GC invocations=56 (full 4):
 PSYoungGen      total 488448K, used 24716K [0x00000000e0000000, 0x0000000100000000, 0x0000000100000000)
  eden space 454656K, 0% used [0x00000000e0000000,0x00000000e0000000,0x00000000fbc00000)
  from space 33792K, 73% used [0x00000000fdf00000,0x00000000ff7232f8,0x0000000100000000)
  to   space 34816K, 0% used [0x00000000fbc00000,0x00000000fbc00000,0x00000000fde00000)
 ParOldGen       total 208896K, used 53791K [0x00000000a0000000, 0x00000000acc00000, 0x00000000e0000000)
  object space 208896K, 25% used [0x00000000a0000000,0x00000000a3487dd0,0x00000000acc00000)
 Metaspace       used 96305K, capacity 102134K, committed 102440K, reserved 1138688K
  class space    used 11969K, capacity 12933K, committed 13096K, reserved 1048576K
}
Event: 15645.716 GC heap before
{Heap before GC invocations=57 (full 4):
 PSYoungGen      total 488448K, used 479372K [0x00000000e0000000, 0x0000000100000000, 0x0000000100000000)
  eden space 454656K, 100% used [0x00000000e0000000,0x00000000fbc00000,0x00000000fbc00000)
  from space 33792K, 73% used [0x00000000fdf00000,0x00000000ff7232f8,0x0000000100000000)
  to   space 34816K, 0% used [0x00000000fbc00000,0x00000000fbc00000,0x00000000fde00000)
 ParOldGen       total 208896K, used 53791K [0x00000000a0000000, 0x00000000acc00000, 0x00000000e0000000)
  object space 208896K, 25% used [0x00000000a0000000,0x00000000a3487dd0,0x00000000acc00000)
 Metaspace       used 96403K, capacity 102342K, committed 102696K, reserved 1138688K
  class space    used 11971K, capacity 12933K, committed 13096K, reserved 1048576K
Event: 15645.771 GC heap after
Heap after GC invocations=57 (full 4):
 PSYoungGen      total 478720K, used 23922K [0x00000000e0000000, 0x0000000100000000, 0x0000000100000000)
  eden space 454656K, 0% used [0x00000000e0000000,0x00000000e0000000,0x00000000fbc00000)
  from space 24064K, 99% used [0x00000000fbc00000,0x00000000fd35cb40,0x00000000fd380000)
  to   space 35328K, 0% used [0x00000000fdd80000,0x00000000fdd80000,0x0000000100000000)
 ParOldGen       total 208896K, used 53791K [0x00000000a0000000, 0x00000000acc00000, 0x00000000e0000000)
  object space 208896K, 25% used [0x00000000a0000000,0x00000000a3487dd0,0x00000000acc00000)
 Metaspace       used 96403K, capacity 102342K, committed 102696K, reserved 1138688K
  class space    used 11971K, capacity 12933K, committed 13096K, reserved 1048576K
}
Event: 17006.058 GC heap before
{Heap before GC invocations=58 (full 4):
 PSYoungGen      total 478720K, used 478578K [0x00000000e0000000, 0x0000000100000000, 0x0000000100000000)
  eden space 454656K, 100% used [0x00000000e0000000,0x00000000fbc00000,0x00000000fbc00000)
  from space 24064K, 99% used [0x00000000fbc00000,0x00000000fd35cb40,0x00000000fd380000)
  to   space 35328K, 0% used [0x00000000fdd80000,0x00000000fdd80000,0x0000000100000000)
 ParOldGen       total 208896K, used 53791K [0x00000000a0000000, 0x00000000acc00000, 0x00000000e0000000)
  object space 208896K, 25% used [0x00000000a0000000,0x00000000a3487dd0,0x00000000acc00000)
 Metaspace       used 96561K, capacity 102546K, committed 102952K, reserved 1138688K
  class space    used 11977K, capacity 12939K, committed 13096K, reserved 1048576K
Event: 17006.119 GC heap after
Heap after GC invocations=58 (full 4):
 PSYoungGen      total 488960K, used 24154K [0x00000000e0000000, 0x0000000100000000, 0x0000000100000000)
  eden space 453632K, 0% used [0x00000000e0000000,0x00000000e0000000,0x00000000fbb00000)
  from space 35328K, 68% used [0x00000000fdd80000,0x00000000ff516b08,0x0000000100000000)
  to   space 35328K, 0% used [0x00000000fbb00000,0x00000000fbb00000,0x00000000fdd80000)
 ParOldGen       total 208896K, used 53799K [0x00000000a0000000, 0x00000000acc00000, 0x00000000e0000000)
  object space 208896K, 25% used [0x00000000a0000000,0x00000000a3489dd0,0x00000000acc00000)
 Metaspace       used 96561K, capacity 102546K, committed 102952K, reserved 1138688K
  class space    used 11977K, capacity 12939K, committed 13096K, reserved 1048576K
}

